Artificial Idiot V0
2 12
2 10
2 12
2 10
2 12
2 10
2 12
2 10
2 12
2 10
2 12
2 10
2 12
2 10
2 12
2 10
2 12
2 10
2 12
2 10
2 12
2 10
2 12
2 10
2 12
2 10
2 12
2 10
2 12
2 10
2 12
2 10
2 12
2 10
2 12
2 10
2 12
2 10
2 12
2 10
2 12
2 10
2 12
2 10
2 12
2 10
2 12
2 10
2 12
2 10
2 12
2 10
2 12
2 10
2 12
2 10
2 12
2 10
2 12
2 10
2 12
2 10
2 12
2 10
2 12
2 10
2 12
2 10
2 12
2 10
2 12
2 10
2 12
2 10
2 12
2 10
2 12
2 10
2 12
2 10
2 12
2 10
2 12
2 10
2 12
2 10
2 12
2 10
2 12
2 10
2 12
2 10
2 12
2 10
2 12
2 10
2 12
2 10
2 12
2 10
2 12
